Warning messages:
1: In dir.create(file.path(output_root, "static/supplemental/child_earnings")) :
  '/vast/palmer/scratch/sarin/jar335/Tax-Simulator/v1/202403201053/400012001003999111711/static/supplemental/child_earnings' already exists
2: In dir.create(file.path(output_root, "static/supplemental/child_earnings")) :
  '/vast/palmer/scratch/sarin/jar335/Tax-Simulator/v1/202403201053/400012001003999111711/static/supplemental/child_earnings' already exists
3: In dir.create(file.path(output_root, "static/supplemental/child_earnings")) :
  '/vast/palmer/scratch/sarin/jar335/Tax-Simulator/v1/202403201053/400012001003999111711/static/supplemental/child_earnings' already exists
Error in `rename()`:
! Can't rename columns that don't exist.
✖ Column `ID` doesn't exist.
Backtrace:
     ▆
  1. ├─global parse_globals(...)
  2. │ └─... %>% ...
  3. ├─readr::write_csv(., file.path(output_root, "dependencies.csv"))
  4. │ └─readr::write_delim(...)
  5. │   ├─base::stopifnot(is.data.frame(x))
  6. │   └─base::is.data.frame(x)
  7. ├─dplyr::relocate(., version, .before = vintage)
  8. ├─dplyr::rename(., scenario = ID, ID = TaxSimulatorID)
  9. ├─dplyr:::rename.data.frame(., scenario = ID, ID = TaxSimulatorID)
 10. │ └─tidyselect::eval_rename(expr(c(...)), .data)
 11. │   └─tidyselect:::rename_impl(...)
 12. │     └─tidyselect:::eval_select_impl(...)
 13. │       ├─tidyselect:::with_subscript_errors(...)
 14. │       │ └─rlang::try_fetch(...)
 15. │       │   └─base::withCallingHandlers(...)
 16. │       └─tidyselect:::vars_select_eval(...)
 17. │         └─tidyselect:::walk_data_tree(expr, data_mask, context_mask)
 18. │           └─tidyselect:::eval_c(expr, data_mask, context_mask)
 19. │             └─tidyselect:::reduce_sels(node, data_mask, context_mask, init = init)
 20. │               └─tidyselect:::walk_data_tree(new, data_mask, context_mask)
 21. │                 └─tidyselect:::as_indices_sel_impl(...)
 22. │                   └─tidyselect:::as_indices_impl(...)
 23. │                     └─tidyselect:::chr_as_locations(x, vars, call = call, arg = arg)
 24. │                       └─vctrs::vec_as_location(...)
 25. └─vctrs (local) `<fn>`()
 26.   └─vctrs:::stop_subscript_oob(...)
 27.     └─vctrs:::stop_subscript(...)
 28.       └─rlang::abort(...)
Execution halted
