[[1]]
 [1] "lubridate" "forcats"   "stringr"   "dplyr"     "purrr"     "readr"    
 [7] "tidyr"     "tibble"    "ggplot2"   "tidyverse" "stats"     "graphics" 
[13] "grDevices" "utils"     "datasets"  "methods"   "base"     

[[2]]
 [1] "magrittr"  "lubridate" "forcats"   "stringr"   "dplyr"     "purrr"    
 [7] "readr"     "tidyr"     "tibble"    "ggplot2"   "tidyverse" "stats"    
[13] "graphics"  "grDevices" "utils"     "datasets"  "methods"   "base"     

[[3]]
 [1] "rlang"     "magrittr"  "lubridate" "forcats"   "stringr"   "dplyr"    
 [7] "purrr"     "readr"     "tidyr"     "tibble"    "ggplot2"   "tidyverse"
[13] "stats"     "graphics"  "grDevices" "utils"     "datasets"  "methods"  
[19] "base"     

[[4]]
 [1] "yaml"      "rlang"     "magrittr"  "lubridate" "forcats"   "stringr"  
 [7] "dplyr"     "purrr"     "readr"     "tidyr"     "tibble"    "ggplot2"  
[13] "tidyverse" "stats"     "graphics"  "grDevices" "utils"     "datasets" 
[19] "methods"   "base"     

[[5]]
 [1] "usincometaxes" "yaml"          "rlang"         "magrittr"     
 [5] "lubridate"     "forcats"       "stringr"       "dplyr"        
 [9] "purrr"         "readr"         "tidyr"         "tibble"       
[13] "ggplot2"       "tidyverse"     "stats"         "graphics"     
[17] "grDevices"     "utils"         "datasets"      "methods"      
[21] "base"         

[[6]]
 [1] "data.table"    "usincometaxes" "yaml"          "rlang"        
 [5] "magrittr"      "lubridate"     "forcats"       "stringr"      
 [9] "dplyr"         "purrr"         "readr"         "tidyr"        
[13] "tibble"        "ggplot2"       "tidyverse"     "stats"        
[17] "graphics"      "grDevices"     "utils"         "datasets"     
[21] "methods"       "base"         

[[7]]
 [1] "openxlsx"      "data.table"    "usincometaxes" "yaml"         
 [5] "rlang"         "magrittr"      "lubridate"     "forcats"      
 [9] "stringr"       "dplyr"         "purrr"         "readr"        
[13] "tidyr"         "tibble"        "ggplot2"       "tidyverse"    
[17] "stats"         "graphics"      "grDevices"     "utils"        
[21] "datasets"      "methods"       "base"         

[[8]]
 [1] "Hmisc"         "openxlsx"      "data.table"    "usincometaxes"
 [5] "yaml"          "rlang"         "magrittr"      "lubridate"    
 [9] "forcats"       "stringr"       "dplyr"         "purrr"        
[13] "readr"         "tidyr"         "tibble"        "ggplot2"      
[17] "tidyverse"     "stats"         "graphics"      "grDevices"    
[21] "utils"         "datasets"      "methods"       "base"         

[1] "Running 2023 for scenario '000001012151'(static)"
[1] "Running 2024 for scenario '000001012151'(static)"
[1] "Running 2025 for scenario '000001012151'(static)"
[1] "Running 2026 for scenario '000001012151'(static)"
[1] "Running 2027 for scenario '000001012151'(static)"
[1] "Running 2028 for scenario '000001012151'(static)"
[1] "Running 2029 for scenario '000001012151'(static)"
[1] "Running 2030 for scenario '000001012151'(static)"
[1] "Running 2031 for scenario '000001012151'(static)"
[1] "Running 2032 for scenario '000001012151'(static)"
[1] "Running 2033 for scenario '000001012151'(static)"
[1] "Running 2034 for scenario '000001012151'(static)"
[1] "Running 2035 for scenario '000001012151'(static)"
[1] "Running 2036 for scenario '000001012151'(static)"
[1] "Running 2037 for scenario '000001012151'(static)"
[1] "Running 2038 for scenario '000001012151'(static)"
[1] "Running 2039 for scenario '000001012151'(static)"
[1] "Running 2040 for scenario '000001012151'(static)"
[1] "Running 2041 for scenario '000001012151'(static)"
[1] "Running 2042 for scenario '000001012151'(static)"
[1] "Running 2043 for scenario '000001012151'(static)"
[1] "Running 2044 for scenario '000001012151'(static)"
[1] "Running 2045 for scenario '000001012151'(static)"
[1] "Running 2046 for scenario '000001012151'(static)"
[1] "Running 2047 for scenario '000001012151'(static)"
[1] "Running 2048 for scenario '000001012151'(static)"
[1] "Running 2049 for scenario '000001012151'(static)"
[1] "Running 2050 for scenario '000001012151'(static)"
[1] "Running 2051 for scenario '000001012151'(static)"
[1] "Running 2052 for scenario '000001012151'(static)"
[1] "Running 2053 for scenario '000001012151'(static)"
[[1]]
 [1] "lubridate" "forcats"   "stringr"   "dplyr"     "purrr"     "readr"    
 [7] "tidyr"     "tibble"    "ggplot2"   "tidyverse" "stats"     "graphics" 
[13] "grDevices" "utils"     "datasets"  "methods"   "base"     

[[2]]
 [1] "magrittr"  "lubridate" "forcats"   "stringr"   "dplyr"     "purrr"    
 [7] "readr"     "tidyr"     "tibble"    "ggplot2"   "tidyverse" "stats"    
[13] "graphics"  "grDevices" "utils"     "datasets"  "methods"   "base"     

[[3]]
 [1] "rlang"     "magrittr"  "lubridate" "forcats"   "stringr"   "dplyr"    
 [7] "purrr"     "readr"     "tidyr"     "tibble"    "ggplot2"   "tidyverse"
[13] "stats"     "graphics"  "grDevices" "utils"     "datasets"  "methods"  
[19] "base"     

[[4]]
 [1] "yaml"      "rlang"     "magrittr"  "lubridate" "forcats"   "stringr"  
 [7] "dplyr"     "purrr"     "readr"     "tidyr"     "tibble"    "ggplot2"  
[13] "tidyverse" "stats"     "graphics"  "grDevices" "utils"     "datasets" 
[19] "methods"   "base"     

[[5]]
 [1] "usincometaxes" "yaml"          "rlang"         "magrittr"     
 [5] "lubridate"     "forcats"       "stringr"       "dplyr"        
 [9] "purrr"         "readr"         "tidyr"         "tibble"       
[13] "ggplot2"       "tidyverse"     "stats"         "graphics"     
[17] "grDevices"     "utils"         "datasets"      "methods"      
[21] "base"         

[[6]]
 [1] "data.table"    "usincometaxes" "yaml"          "rlang"        
 [5] "magrittr"      "lubridate"     "forcats"       "stringr"      
 [9] "dplyr"         "purrr"         "readr"         "tidyr"        
[13] "tibble"        "ggplot2"       "tidyverse"     "stats"        
[17] "graphics"      "grDevices"     "utils"         "datasets"     
[21] "methods"       "base"         

[[7]]
 [1] "openxlsx"      "data.table"    "usincometaxes" "yaml"         
 [5] "rlang"         "magrittr"      "lubridate"     "forcats"      
 [9] "stringr"       "dplyr"         "purrr"         "readr"        
[13] "tidyr"         "tibble"        "ggplot2"       "tidyverse"    
[17] "stats"         "graphics"      "grDevices"     "utils"        
[21] "datasets"      "methods"       "base"         

[[8]]
 [1] "Hmisc"         "openxlsx"      "data.table"    "usincometaxes"
 [5] "yaml"          "rlang"         "magrittr"      "lubridate"    
 [9] "forcats"       "stringr"       "dplyr"         "purrr"        
[13] "readr"         "tidyr"         "tibble"        "ggplot2"      
[17] "tidyverse"     "stats"         "graphics"      "grDevices"    
[21] "utils"         "datasets"      "methods"       "base"         

[1] "Running 2023 for scenario '000001012280'(static)"
[1] "Running 2024 for scenario '000001012280'(static)"
[1] "Running 2025 for scenario '000001012280'(static)"
[1] "Running 2026 for scenario '000001012280'(static)"
[1] "Running 2027 for scenario '000001012280'(static)"
[1] "Running 2028 for scenario '000001012280'(static)"
[1] "Running 2029 for scenario '000001012280'(static)"
[1] "Running 2030 for scenario '000001012280'(static)"
[1] "Running 2031 for scenario '000001012280'(static)"
[1] "Running 2032 for scenario '000001012280'(static)"
[1] "Running 2033 for scenario '000001012280'(static)"
[1] "Running 2034 for scenario '000001012280'(static)"
[1] "Running 2035 for scenario '000001012280'(static)"
[1] "Running 2036 for scenario '000001012280'(static)"
[1] "Running 2037 for scenario '000001012280'(static)"
[1] "Running 2038 for scenario '000001012280'(static)"
[1] "Running 2039 for scenario '000001012280'(static)"
[1] "Running 2040 for scenario '000001012280'(static)"
[1] "Running 2041 for scenario '000001012280'(static)"
[1] "Running 2042 for scenario '000001012280'(static)"
[1] "Running 2043 for scenario '000001012280'(static)"
[1] "Running 2044 for scenario '000001012280'(static)"
[1] "Running 2045 for scenario '000001012280'(static)"
[1] "Running 2046 for scenario '000001012280'(static)"
[1] "Running 2047 for scenario '000001012280'(static)"
[1] "Running 2048 for scenario '000001012280'(static)"
[1] "Running 2049 for scenario '000001012280'(static)"
[1] "Running 2050 for scenario '000001012280'(static)"
[1] "Running 2051 for scenario '000001012280'(static)"
[1] "Running 2052 for scenario '000001012280'(static)"
[1] "Running 2053 for scenario '000001012280'(static)"
