
CommandNotFoundError: Your shell has not been properly configured to use 'conda deactivate'.
To initialize your shell, run

    $ conda init <SHELL_NAME>

Currently supported shells are:
  - bash
  - fish
  - tcsh
  - xonsh
  - zsh
  - powershell

See 'conda init --help' for more information and options.

IMPORTANT: You may need to close and restart your shell after running 'conda init'.


Error in `map()`:
ℹ In index: 1.
Caused by error in `fread()`:
! File '/vast/palmer/scratch/sarin/jar335/Tax-Simulator/v1/202403191726/baseline/static/detail/2023.csv' does not exist or is non-readable. getwd()=='/gpfs/gibbs/project/sarin/jar335/Repositories/Tax-Simulator'
Backtrace:
     ▆
  1. ├─... %>% bind_rows()
  2. ├─dplyr::bind_rows(.)
  3. │ └─rlang::list2(...)
  4. ├─purrr::map(...)
  5. │ └─purrr:::map_("list", .x, .f, ..., .progress = .progress)
  6. │   ├─purrr:::with_indexed_errors(...)
  7. │   │ └─base::withCallingHandlers(...)
  8. │   ├─purrr:::call_with_cleanup(...)
  9. │   └─.f(.x[[i]], ...)
 10. │     └─... %>% return()
 11. ├─dplyr::select(., id, year, starts_with("mtr_"))
 12. ├─dplyr::mutate(., year = .x)
 13. ├─tibble::tibble(.)
 14. │ └─tibble:::tibble_quos(xs, .rows, .name_repair)
 15. │   └─rlang::eval_tidy(xs[[j]], mask)
 16. ├─data.table::fread(.)
 17. │ └─base::stop(...)
 18. └─base::.handleSimpleError(...)
 19.   └─purrr (local) h(simpleError(msg, call))
 20.     └─cli::cli_abort(...)
 21.       └─rlang::abort(...)
Execution halted
Error in `map()`:
ℹ In index: 1.
Caused by error in `fread()`:
! File '/vast/palmer/scratch/sarin/jar335/Tax-Simulator/v1/202403191726/baseline/static/detail/2023.csv' does not exist or is non-readable. getwd()=='/gpfs/gibbs/project/sarin/jar335/Repositories/Tax-Simulator'
Backtrace:
     ▆
  1. ├─... %>% bind_rows()
  2. ├─dplyr::bind_rows(.)
  3. │ └─rlang::list2(...)
  4. ├─purrr::map(...)
  5. │ └─purrr:::map_("list", .x, .f, ..., .progress = .progress)
  6. │   ├─purrr:::with_indexed_errors(...)
  7. │   │ └─base::withCallingHandlers(...)
  8. │   ├─purrr:::call_with_cleanup(...)
  9. │   └─.f(.x[[i]], ...)
 10. │     └─... %>% return()
 11. ├─dplyr::select(., id, year, starts_with("mtr_"))
 12. ├─dplyr::mutate(., year = .x)
 13. ├─tibble::tibble(.)
 14. │ └─tibble:::tibble_quos(xs, .rows, .name_repair)
 15. │   └─rlang::eval_tidy(xs[[j]], mask)
 16. ├─data.table::fread(.)
 17. │ └─base::stop(...)
 18. └─base::.handleSimpleError(...)
 19.   └─purrr (local) h(simpleError(msg, call))
 20.     └─cli::cli_abort(...)
 21.       └─rlang::abort(...)
Execution halted
