
CommandNotFoundError: Your shell has not been properly configured to use 'conda deactivate'.
To initialize your shell, run

    $ conda init <SHELL_NAME>

Currently supported shells are:
  - bash
  - fish
  - tcsh
  - xonsh
  - zsh
  - powershell

See 'conda init --help' for more information and options.

IMPORTANT: You may need to close and restart your shell after running 'conda init'.


Error in `map()`:
ℹ In index: 1.
Caused by error in `fread()`:
! File '/vast/palmer/scratch/sarin/jar335/Tax-Simulator/v1/202403191726/baseline/static/detail/2023.csv' does not exist or is non-readable. getwd()=='/gpfs/gibbs/project/sarin/jar335/Repositories/Tax-Simulator'
Backtrace:
     ▆
  1. ├─... %>% bind_rows()
  2. ├─dplyr::bind_rows(.)
  3. │ └─rlang::list2(...)
  4. ├─purrr::map(...)
  5. │ └─purrr:::map_("list", .x, .f, ..., .progress = .progress)
  6. │   ├─purrr:::with_indexed_errors(...)
  7. │   │ └─base::withCallingHandlers(...)
  8. │   ├─purrr:::call_with_cleanup(...)
  9. │   └─.f(.x[[i]], ...)
 10. │     └─... %>% return()
 11. ├─dplyr::select(., id, year, starts_with("mtr_"))
 12. ├─dplyr::mutate(., year = .x)
 13. ├─tibble::tibble(.)
 14. │ └─tibble:::tibble_quos(xs, .rows, .name_repair)
 15. │   └─rlang::eval_tidy(xs[[j]], mask)
 16. ├─data.table::fread(.)
 17. │ └─base::stop(...)
 18. └─base::.handleSimpleError(...)
 19.   └─purrr (local) h(simpleError(msg, call))
 20.     └─cli::cli_abort(...)
 21.       └─rlang::abort(...)
Execution halted
Error in `rename()`:
! Can't rename columns that don't exist.
✖ Column `ID` doesn't exist.
Backtrace:
     ▆
  1. ├─global parse_globals(...)
  2. │ └─... %>% ...
  3. ├─readr::write_csv(., file.path(output_root, "dependencies.csv"))
  4. │ └─readr::write_delim(...)
  5. │   ├─base::stopifnot(is.data.frame(x))
  6. │   └─base::is.data.frame(x)
  7. ├─dplyr::relocate(., version, .before = vintage)
  8. ├─dplyr::rename(., scenario = ID, ID = TaxSimulatorID)
  9. ├─dplyr:::rename.data.frame(., scenario = ID, ID = TaxSimulatorID)
 10. │ └─tidyselect::eval_rename(expr(c(...)), .data)
 11. │   └─tidyselect:::rename_impl(...)
 12. │     └─tidyselect:::eval_select_impl(...)
 13. │       ├─tidyselect:::with_subscript_errors(...)
 14. │       │ └─rlang::try_fetch(...)
 15. │       │   └─base::withCallingHandlers(...)
 16. │       └─tidyselect:::vars_select_eval(...)
 17. │         └─tidyselect:::walk_data_tree(expr, data_mask, context_mask)
 18. │           └─tidyselect:::eval_c(expr, data_mask, context_mask)
 19. │             └─tidyselect:::reduce_sels(node, data_mask, context_mask, init = init)
 20. │               └─tidyselect:::walk_data_tree(new, data_mask, context_mask)
 21. │                 └─tidyselect:::as_indices_sel_impl(...)
 22. │                   └─tidyselect:::as_indices_impl(...)
 23. │                     └─tidyselect:::chr_as_locations(x, vars, call = call, arg = arg)
 24. │                       └─vctrs::vec_as_location(...)
 25. └─vctrs (local) `<fn>`()
 26.   └─vctrs:::stop_subscript_oob(...)
 27.     └─vctrs:::stop_subscript(...)
 28.       └─rlang::abort(...)
Execution halted
